<?xml version="1.0" encoding="UTF-8"?>
<testsuites name="Serverless Logic Web Tools" time="13.789" tests="1" failures="0">
  <testsuite name="" timestamp="2023-01-24T15:01:33" tests="0" file="e2e/RecentModel.cy.ts" time="0.000" failures="0">
  </testsuite>
  <testsuite name="Root Suite.Serverless Logic Web Tools - Recent model test" timestamp="2023-01-24T15:01:33" tests="1" time="13.783" failures="0">
    <testcase name="should create, edit, save and delete file" time="13.746" classname="Serverless Logic Web Tools - Recent model test should create, edit, save and delete file">
    </testcase>
  </testsuite>
</testsuites>