<?xml version="1.0" encoding="UTF-8"?>
<testsuites name="Serverless Logic Web Tools" time="16.698" tests="2" failures="0">
  <testsuite name="" timestamp="2023-01-24T15:02:39" tests="0" file="e2e/UploadFiles.cy.ts" time="0.000" failures="0">
  </testsuite>
  <testsuite name="Root Suite.Serverless Logic Web Tools - Upload files test" timestamp="2023-01-24T15:02:39" tests="2" time="16.692" failures="0">
    <testcase name="should upload dashbuider file and check rendered content" time="9.110" classname="Serverless Logic Web Tools - Upload files test should upload dashbuider file and check rendered content">
    </testcase>
    <testcase name="should upload 2 files (JSON and YAML) and check editors and diagrams content" time="7.501" classname="Serverless Logic Web Tools - Upload files test should upload 2 files (JSON and YAML) and check editors and diagrams content">
    </testcase>
  </testsuite>
</testsuites>