<?xml version="1.0" encoding="UTF-8"?>
<testsuites name="Serverless Logic Web Tools" time="23.491" tests="4" failures="0">
  <testsuite name="" timestamp="2023-01-24T15:00:45" tests="0" file="e2e/CreateNewFile.cy.ts" time="0.000" failures="0">
  </testsuite>
  <testsuite name="Root Suite.Serverless Logic Web Tools - Create and edit test" timestamp="2023-01-24T15:00:45" tests="4" time="23.485" failures="0">
    <testcase name="should check all new buttons are present" time="4.527" classname="Serverless Logic Web Tools - Create and edit test should check all new buttons are present">
    </testcase>
    <testcase name="should create a new JSON serverless workflow" time="5.870" classname="Serverless Logic Web Tools - Create and edit test should create a new JSON serverless workflow">
    </testcase>
    <testcase name="should create a new YAML serverless workflow" time="4.550" classname="Serverless Logic Web Tools - Create and edit test should create a new YAML serverless workflow">
    </testcase>
    <testcase name="should create a new Dashbuilder file" time="8.410" classname="Serverless Logic Web Tools - Create and edit test should create a new Dashbuilder file">
    </testcase>
  </testsuite>
</testsuites>