<?xml version="1.0" encoding="UTF-8"?>
<testsuites name="Serverless Logic Web Tools" time="43.699" tests="4" failures="0">
  <testsuite name="" timestamp="2023-01-24T14:46:08" tests="0" file="e2e/CreateNewFile.cy.ts" time="0.000" failures="0">
  </testsuite>
  <testsuite name="Root Suite.Serverless Logic Web Tools - Create and edit test" timestamp="2023-01-24T14:46:08" tests="4" time="43.691" failures="0">
    <testcase name="should check all new buttons are present" time="5.777" classname="Serverless Logic Web Tools - Create and edit test should check all new buttons are present">
    </testcase>
    <testcase name="should create a new JSON serverless workflow" time="5.124" classname="Serverless Logic Web Tools - Create and edit test should create a new JSON serverless workflow">
    </testcase>
    <testcase name="should create a new YAML serverless workflow" time="4.369" classname="Serverless Logic Web Tools - Create and edit test should create a new YAML serverless workflow">
    </testcase>
    <testcase name="should create a new Dashbuilder file" time="8.877" classname="Serverless Logic Web Tools - Create and edit test should create a new Dashbuilder file">
    </testcase>
  </testsuite>
</testsuites>