<?xml version="1.0" encoding="UTF-8"?>
<testsuites name="jest tests" tests="3" failures="0" time="1.187">
  <testsuite name="githubService::isGithub" errors="0" failures="0" skipped="0" timestamp="2020-01-30T16:34:00" time="0.723" tests="3">
    <testcase classname="githubService::isGithub should be true" name="githubService::isGithub should be true" time="0.012">
    </testcase>
    <testcase classname="githubService::isGithub should be false" name="githubService::isGithub should be false" time="0.005">
    </testcase>
    <testcase classname="githubService::retrieveFileInfo check file info" name="githubService::retrieveFileInfo check file info" time="0.003">
    </testcase>
  </testsuite>
</testsuites>