<?xml version="1.0" encoding="UTF-8" ?>
<testsuite
  xmlns:xsi="http://www.w3.org/2001/XMLSchema-instance"
  xsi:noNamespaceSchemaLocation="https://maven.apache.org/surefire/maven-surefire-plugin/xsd/surefire-test-report-3.0.xsd"
  version="3.0"
  name="org.kie.kogito.service.FormSchemaServiceTest"
  time="1.742"
  tests="1"
  errors="0"
  skipped="0"
  failures="0"
>
  <properties>
    <property name="awt.toolkit" value="sun.awt.X11.XToolkit" />
    <property name="quarkus.platform.version" value="2.15.3.Final" />
    <property name="java.specification.version" value="11" />
    <property name="sun.cpu.isalist" value="" />
    <property name="sun.jnu.encoding" value="UTF-8" />
    <property
      name="java.class.path"
      value="/home/runner/work/kie-tools/kie-tools/packages/dmn-dev-deployment-quarkus-app/target/test-classes:/home/runner/work/kie-tools/kie-tools/packages/dmn-dev-deployment-quarkus-app/target/classes:/home/runner/.m2/repository/io/quarkus/quarkus-resteasy/2.15.3.Final/quarkus-resteasy-2.15.3.Final.jar:/home/runner/.m2/repository/io/quarkus/quarkus-vertx-http/2.15.3.Final/quarkus-vertx-http-2.15.3.Final.jar:/home/runner/.m2/repository/io/quarkus/quarkus-security-runtime-spi/2.15.3.Final/quarkus-security-runtime-spi-2.15.3.Final.jar:/home/runner/.m2/repository/io/quarkus/quarkus-credentials/2.15.3.Final/quarkus-credentials-2.15.3.Final.jar:/home/runner/.m2/repository/io/quarkus/quarkus-mutiny/2.15.3.Final/quarkus-mutiny-2.15.3.Final.jar:/home/runner/.m2/repository/io/smallrye/reactive/mutiny/1.8.0/mutiny-1.8.0.jar:/home/runner/.m2/repository/io/quarkus/quarkus-smallrye-context-propagation/2.15.3.Final/quarkus-smallrye-context-propagation-2.15.3.Final.jar:/home/runner/.m2/repository/io/smallrye/smallrye-context-propagation/1.2.2/smallrye-context-propagation-1.2.2.jar:/home/runner/.m2/repository/io/smallrye/smallrye-context-propagation-api/1.2.2/smallrye-context-propagation-api-1.2.2.jar:/home/runner/.m2/repository/io/smallrye/smallrye-context-propagation-storage/1.2.2/smallrye-context-propagation-storage-1.2.2.jar:/home/runner/.m2/repository/io/smallrye/reactive/mutiny-smallrye-context-propagation/1.8.0/mutiny-smallrye-context-propagation-1.8.0.jar:/home/runner/.m2/repository/io/smallrye/common/smallrye-common-vertx-context/1.13.2/smallrye-common-vertx-context-1.13.2.jar:/home/runner/.m2/repository/io/vertx/vertx-core/4.3.6/vertx-core-4.3.6.jar:/home/runner/.m2/repository/io/netty/netty-common/4.1.86.Final/netty-common-4.1.86.Final.jar:/home/runner/.m2/repository/io/netty/netty-buffer/4.1.86.Final/netty-buffer-4.1.86.Final.jar:/home/runner/.m2/repository/io/netty/netty-transport/4.1.86.Final/netty-transport-4.1.86.Final.jar:/home/runner/.m2/repository/io/netty/netty-handler/4.1.86.Final/netty-handler-4.1.86.Final.jar:/home/runner/.m2/repository/io/netty/netty-transport-native-unix-common/4.1.86.Final/netty-transport-native-unix-common-4.1.86.Final.jar:/home/runner/.m2/repository/io/netty/netty-handler-proxy/4.1.86.Final/netty-handler-proxy-4.1.86.Final.jar:/home/runner/.m2/repository/io/netty/netty-codec-socks/4.1.86.Final/netty-codec-socks-4.1.86.Final.jar:/home/runner/.m2/repository/io/netty/netty-codec-http/4.1.86.Final/netty-codec-http-4.1.86.Final.jar:/home/runner/.m2/repository/io/netty/netty-codec-http2/4.1.86.Final/netty-codec-http2-4.1.86.Final.jar:/home/runner/.m2/repository/io/netty/netty-resolver/4.1.86.Final/netty-resolver-4.1.86.Final.jar:/home/runner/.m2/repository/io/netty/netty-resolver-dns/4.1.86.Final/netty-resolver-dns-4.1.86.Final.jar:/home/runner/.m2/repository/io/netty/netty-codec-dns/4.1.86.Final/netty-codec-dns-4.1.86.Final.jar:/home/runner/.m2/repository/io/smallrye/common/smallrye-common-constraint/1.13.2/smallrye-common-constraint-1.13.2.jar:/home/runner/.m2/repository/io/quarkus/quarkus-vertx-http-dev-console-runtime-spi/2.15.3.Final/quarkus-vertx-http-dev-console-runtime-spi-2.15.3.Final.jar:/home/runner/.m2/repository/io/quarkus/security/quarkus-security/1.1.4.Final/quarkus-security-1.1.4.Final.jar:/home/runner/.m2/repository/io/quarkus/quarkus-vertx/2.15.3.Final/quarkus-vertx-2.15.3.Final.jar:/home/runner/.m2/repository/io/quarkus/quarkus-netty/2.15.3.Final/quarkus-netty-2.15.3.Final.jar:/home/runner/.m2/repository/io/netty/netty-codec/4.1.86.Final/netty-codec-4.1.86.Final.jar:/home/runner/.m2/repository/com/aayushatharva/brotli4j/brotli4j/1.8.0/brotli4j-1.8.0.jar:/home/runner/.m2/repository/com/aayushatharva/brotli4j/native-linux-x86_64/1.8.0/native-linux-x86_64-1.8.0.jar:/home/runner/.m2/repository/io/netty/netty-codec-haproxy/4.1.86.Final/netty-codec-haproxy-4.1.86.Final.jar:/home/runner/.m2/repository/io/smallrye/common/smallrye-common-annotation/1.13.2/smallrye-common-annotation-1.13.2.jar:/home/runner/.m2/repository/io/quarkus/quarkus-vertx-latebound-mdc-provider/2.15.3.Final/quarkus-vertx-latebound-mdc-provider-2.15.3.Final.jar:/home/runner/.m2/repository/io/smallrye/reactive/smallrye-mutiny-vertx-core/2.29.0/smallrye-mutiny-vertx-core-2.29.0.jar:/home/runner/.m2/repository/io/smallrye/reactive/smallrye-mutiny-vertx-runtime/2.29.0/smallrye-mutiny-vertx-runtime-2.29.0.jar:/home/runner/.m2/repository/io/smallrye/reactive/vertx-mutiny-generator/2.29.0/vertx-mutiny-generator-2.29.0.jar:/home/runner/.m2/repository/io/vertx/vertx-codegen/4.3.6/vertx-codegen-4.3.6.jar:/home/runner/.m2/repository/io/smallrye/smallrye-fault-tolerance-vertx/5.6.0/smallrye-fault-tolerance-vertx-5.6.0.jar:/home/runner/.m2/repository/io/smallrye/reactive/smallrye-mutiny-vertx-web/2.29.0/smallrye-mutiny-vertx-web-2.29.0.jar:/home/runner/.m2/repository/io/smallrye/reactive/smallrye-mutiny-vertx-web-common/2.29.0/smallrye-mutiny-vertx-web-common-2.29.0.jar:/home/runner/.m2/repository/io/smallrye/reactive/smallrye-mutiny-vertx-auth-common/2.29.0/smallrye-mutiny-vertx-auth-common-2.29.0.jar:/home/runner/.m2/repository/io/smallrye/reactive/smallrye-mutiny-vertx-bridge-common/2.29.0/smallrye-mutiny-vertx-bridge-common-2.29.0.jar:/home/runner/.m2/repository/io/smallrye/reactive/smallrye-mutiny-vertx-uri-template/2.29.0/smallrye-mutiny-vertx-uri-template-2.29.0.jar:/home/runner/.m2/repository/io/vertx/vertx-uri-template/4.3.6/vertx-uri-template-4.3.6.jar:/home/runner/.m2/repository/io/vertx/vertx-web/4.3.6/vertx-web-4.3.6.jar:/home/runner/.m2/repository/io/vertx/vertx-web-common/4.3.6/vertx-web-common-4.3.6.jar:/home/runner/.m2/repository/io/vertx/vertx-auth-common/4.3.6/vertx-auth-common-4.3.6.jar:/home/runner/.m2/repository/io/vertx/vertx-bridge-common/4.3.6/vertx-bridge-common-4.3.6.jar:/home/runner/.m2/repository/io/github/crac/org-crac/0.1.3/org-crac-0.1.3.jar:/home/runner/.m2/repository/io/quarkus/quarkus-resteasy-server-common/2.15.3.Final/quarkus-resteasy-server-common-2.15.3.Final.jar:/home/runner/.m2/repository/io/quarkus/quarkus-resteasy-common/2.15.3.Final/quarkus-resteasy-common-2.15.3.Final.jar:/home/runner/.m2/repository/jakarta/validation/jakarta.validation-api/2.0.2/jakarta.validation-api-2.0.2.jar:/home/runner/.m2/repository/io/quarkus/quarkus-resteasy-jackson/2.15.3.Final/quarkus-resteasy-jackson-2.15.3.Final.jar:/home/runner/.m2/repository/io/quarkus/quarkus-jackson/2.15.3.Final/quarkus-jackson-2.15.3.Final.jar:/home/runner/.m2/repository/com/fasterxml/jackson/core/jackson-databind/2.14.1/jackson-databind-2.14.1.jar:/home/runner/.m2/repository/com/fasterxml/jackson/datatype/jackson-datatype-jsr310/2.14.1/jackson-datatype-jsr310-2.14.1.jar:/home/runner/.m2/repository/com/fasterxml/jackson/datatype/jackson-datatype-jdk8/2.14.1/jackson-datatype-jdk8-2.14.1.jar:/home/runner/.m2/repository/com/fasterxml/jackson/module/jackson-module-parameter-names/2.14.1/jackson-module-parameter-names-2.14.1.jar:/home/runner/.m2/repository/org/jboss/resteasy/resteasy-jackson2-provider/4.7.7.Final/resteasy-jackson2-provider-4.7.7.Final.jar:/home/runner/.m2/repository/com/fasterxml/jackson/core/jackson-core/2.14.1/jackson-core-2.14.1.jar:/home/runner/.m2/repository/com/fasterxml/jackson/core/jackson-annotations/2.14.1/jackson-annotations-2.14.1.jar:/home/runner/.m2/repository/com/fasterxml/jackson/jaxrs/jackson-jaxrs-json-provider/2.14.1/jackson-jaxrs-json-provider-2.14.1.jar:/home/runner/.m2/repository/com/fasterxml/jackson/jaxrs/jackson-jaxrs-base/2.14.1/jackson-jaxrs-base-2.14.1.jar:/home/runner/.m2/repository/com/fasterxml/jackson/module/jackson-module-jaxb-annotations/2.14.1/jackson-module-jaxb-annotations-2.14.1.jar:/home/runner/.m2/repository/com/github/java-json-tools/json-patch/1.13/json-patch-1.13.jar:/home/runner/.m2/repository/com/github/java-json-tools/msg-simple/1.2/msg-simple-1.2.jar:/home/runner/.m2/repository/com/github/java-json-tools/btf/1.3/btf-1.3.jar:/home/runner/.m2/repository/com/github/java-json-tools/jackson-coreutils/2.0/jackson-coreutils-2.0.jar:/home/runner/.m2/repository/org/jboss/logging/jboss-logging/3.5.0.Final/jboss-logging-3.5.0.Final.jar:/home/runner/.m2/repository/org/jboss/spec/javax/xml/bind/jboss-jaxb-api_2.3_spec/2.0.0.Final/jboss-jaxb-api_2.3_spec-2.0.0.Final.jar:/home/runner/.m2/repository/io/quarkus/quarkus-resteasy-multipart/2.15.3.Final/quarkus-resteasy-multipart-2.15.3.Final.jar:/home/runner/.m2/repository/org/jboss/resteasy/resteasy-multipart-provider/4.7.7.Final/resteasy-multipart-provider-4.7.7.Final.jar:/home/runner/.m2/repository/org/jboss/resteasy/resteasy-core-spi/4.7.7.Final/resteasy-core-spi-4.7.7.Final.jar:/home/runner/.m2/repository/org/jboss/spec/javax/ws/rs/jboss-jaxrs-api_2.1_spec/2.0.1.Final/jboss-jaxrs-api_2.1_spec-2.0.1.Final.jar:/home/runner/.m2/repository/org/reactivestreams/reactive-streams/1.0.3/reactive-streams-1.0.3.jar:/home/runner/.m2/repository/org/jboss/resteasy/resteasy-core/4.7.7.Final/resteasy-core-4.7.7.Final.jar:/home/runner/.m2/repository/com/ibm/async/asyncutil/0.1.0/asyncutil-0.1.0.jar:/home/runner/.m2/repository/org/jboss/resteasy/resteasy-jaxb-provider/4.7.7.Final/resteasy-jaxb-provider-4.7.7.Final.jar:/home/runner/.m2/repository/org/glassfish/jaxb/jaxb-runtime/2.3.3-b02/jaxb-runtime-2.3.3-b02.jar:/home/runner/.m2/repository/org/glassfish/jaxb/txw2/2.3.3-b02/txw2-2.3.3-b02.jar:/home/runner/.m2/repository/com/sun/istack/istack-commons-runtime/3.0.10/istack-commons-runtime-3.0.10.jar:/home/runner/.m2/repository/com/sun/mail/jakarta.mail/1.6.7/jakarta.mail-1.6.7.jar:/home/runner/.m2/repository/org/apache/james/apache-mime4j-dom/0.8.3/apache-mime4j-dom-0.8.3.jar:/home/runner/.m2/repository/org/apache/james/apache-mime4j-core/0.8.3/apache-mime4j-core-0.8.3.jar:/home/runner/.m2/repository/org/apache/james/apache-mime4j-storage/0.8.3/apache-mime4j-storage-0.8.3.jar:/home/runner/.m2/repository/commons-io/commons-io/2.11.0/commons-io-2.11.0.jar:/home/runner/.m2/repository/com/sun/activation/jakarta.activation/1.2.1/jakarta.activation-1.2.1.jar:/home/runner/.m2/repository/org/jboss/logging/commons-logging-jboss-logging/1.0.0.Final/commons-logging-jboss-logging-1.0.0.Final.jar:/home/runner/.m2/repository/io/quarkus/quarkus-smallrye-openapi/2.15.3.Final/quarkus-smallrye-openapi-2.15.3.Final.jar:/home/runner/.m2/repository/io/smallrye/smallrye-open-api-core/2.3.1/smallrye-open-api-core-2.3.1.jar:/home/runner/.m2/repository/org/eclipse/microprofile/openapi/microprofile-openapi-api/2.0.1/microprofile-openapi-api-2.0.1.jar:/home/runner/.m2/repository/org/eclipse/microprofile/config/microprofile-config-api/2.0.1/microprofile-config-api-2.0.1.jar:/home/runner/.m2/repository/com/fasterxml/jackson/dataformat/jackson-dataformat-yaml/2.14.1/jackson-dataformat-yaml-2.14.1.jar:/home/runner/.m2/repository/org/yaml/snakeyaml/1.33/snakeyaml-1.33.jar:/home/runner/.m2/repository/io/smallrye/jandex/3.0.5/jandex-3.0.5.jar:/home/runner/.m2/repository/io/quarkus/quarkus-core/2.15.3.Final/quarkus-core-2.15.3.Final.jar:/home/runner/.m2/repository/jakarta/annotation/jakarta.annotation-api/1.3.5/jakarta.annotation-api-1.3.5.jar:/home/runner/.m2/repository/jakarta/enterprise/jakarta.enterprise.cdi-api/2.0.2/jakarta.enterprise.cdi-api-2.0.2.jar:/home/runner/.m2/repository/jakarta/el/jakarta.el-api/3.0.3/jakarta.el-api-3.0.3.jar:/home/runner/.m2/repository/jakarta/interceptor/jakarta.interceptor-api/1.2.5/jakarta.interceptor-api-1.2.5.jar:/home/runner/.m2/repository/jakarta/inject/jakarta.inject-api/1.0/jakarta.inject-api-1.0.jar:/home/runner/.m2/repository/io/quarkus/quarkus-ide-launcher/2.15.3.Final/quarkus-ide-launcher-2.15.3.Final.jar:/home/runner/.m2/repository/io/quarkus/quarkus-development-mode-spi/2.15.3.Final/quarkus-development-mode-spi-2.15.3.Final.jar:/home/runner/.m2/repository/io/smallrye/config/smallrye-config/2.13.1/smallrye-config-2.13.1.jar:/home/runner/.m2/repository/io/smallrye/config/smallrye-config-core/2.13.1/smallrye-config-core-2.13.1.jar:/home/runner/.m2/repository/io/smallrye/common/smallrye-common-expression/1.13.2/smallrye-common-expression-1.13.2.jar:/home/runner/.m2/repository/io/smallrye/common/smallrye-common-function/1.13.2/smallrye-common-function-1.13.2.jar:/home/runner/.m2/repository/io/smallrye/common/smallrye-common-classloader/1.13.2/smallrye-common-classloader-1.13.2.jar:/home/runner/.m2/repository/io/smallrye/config/smallrye-config-common/2.13.1/smallrye-config-common-2.13.1.jar:/home/runner/.m2/repository/org/jboss/logmanager/jboss-logmanager-embedded/1.0.11/jboss-logmanager-embedded-1.0.11.jar:/home/runner/.m2/repository/org/jboss/logging/jboss-logging-annotations/2.2.1.Final/jboss-logging-annotations-2.2.1.Final.jar:/home/runner/.m2/repository/org/jboss/threads/jboss-threads/3.4.3.Final/jboss-threads-3.4.3.Final.jar:/home/runner/.m2/repository/org/jboss/slf4j/slf4j-jboss-logmanager/1.2.0.Final/slf4j-jboss-logmanager-1.2.0.Final.jar:/home/runner/.m2/repository/org/graalvm/sdk/graal-sdk/22.3.0/graal-sdk-22.3.0.jar:/home/runner/.m2/repository/org/wildfly/common/wildfly-common/1.5.4.Final-format-001/wildfly-common-1.5.4.Final-format-001.jar:/home/runner/.m2/repository/io/quarkus/quarkus-bootstrap-runner/2.15.3.Final/quarkus-bootstrap-runner-2.15.3.Final.jar:/home/runner/.m2/repository/io/quarkus/quarkus-fs-util/0.0.9/quarkus-fs-util-0.0.9.jar:/home/runner/.m2/repository/io/quarkus/quarkus-arc/2.15.3.Final/quarkus-arc-2.15.3.Final.jar:/home/runner/.m2/repository/io/quarkus/arc/arc/2.15.3.Final/arc-2.15.3.Final.jar:/home/runner/.m2/repository/jakarta/transaction/jakarta.transaction-api/1.3.3/jakarta.transaction-api-1.3.3.jar:/home/runner/.m2/repository/org/eclipse/microprofile/context-propagation/microprofile-context-propagation-api/1.2/microprofile-context-propagation-api-1.2.jar:/home/runner/.m2/repository/io/quarkus/quarkus-swagger-ui/2.15.3.Final/quarkus-swagger-ui-2.15.3.Final.jar:/home/runner/.m2/repository/io/quarkus/quarkus-smallrye-health/2.15.3.Final/quarkus-smallrye-health-2.15.3.Final.jar:/home/runner/.m2/repository/io/smallrye/smallrye-health/3.3.1/smallrye-health-3.3.1.jar:/home/runner/.m2/repository/org/eclipse/microprofile/health/microprofile-health-api/3.1/microprofile-health-api-3.1.jar:/home/runner/.m2/repository/io/smallrye/smallrye-health-api/3.3.1/smallrye-health-api-3.3.1.jar:/home/runner/.m2/repository/io/smallrye/smallrye-health-provided-checks/3.3.1/smallrye-health-provided-checks-3.3.1.jar:/home/runner/.m2/repository/io/quarkus/quarkus-jsonp/2.15.3.Final/quarkus-jsonp-2.15.3.Final.jar:/home/runner/.m2/repository/org/glassfish/jakarta.json/1.1.6/jakarta.json-1.1.6.jar:/home/runner/.m2/repository/org/kie/kie-dmn-openapi/8.32.0.Final/kie-dmn-openapi-8.32.0.Final.jar:/home/runner/.m2/repository/org/kie/kie-dmn-api/8.32.0.Final/kie-dmn-api-8.32.0.Final.jar:/home/runner/.m2/repository/org/kie/kie-api/8.32.0.Final/kie-api-8.32.0.Final.jar:/home/runner/.m2/repository/org/kie/efesto-common-api/8.32.0.Final/efesto-common-api-8.32.0.Final.jar:/home/runner/.m2/repository/org/assertj/assertj-core/3.23.1/assertj-core-3.23.1.jar:/home/runner/.m2/repository/net/bytebuddy/byte-buddy/1.12.18/byte-buddy-1.12.18.jar:/home/runner/.m2/repository/org/kie/kie-internal/8.32.0.Final/kie-internal-8.32.0.Final.jar:/home/runner/.m2/repository/org/kie/kie-dmn-model/8.32.0.Final/kie-dmn-model-8.32.0.Final.jar:/home/runner/.m2/repository/org/kie/kie-dmn-feel/8.32.0.Final/kie-dmn-feel-8.32.0.Final.jar:/home/runner/.m2/repository/org/antlr/antlr4-runtime/4.10.1/antlr4-runtime-4.10.1.jar:/home/runner/.m2/repository/org/drools/drools-compiler/8.32.0.Final/drools-compiler-8.32.0.Final.jar:/home/runner/.m2/repository/org/drools/drools-drl-parser/8.32.0.Final/drools-drl-parser-8.32.0.Final.jar:/home/runner/.m2/repository/org/drools/drools-drl-extensions/8.32.0.Final/drools-drl-extensions-8.32.0.Final.jar:/home/runner/.m2/repository/org/drools/drools-drl-ast/8.32.0.Final/drools-drl-ast-8.32.0.Final.jar:/home/runner/.m2/repository/org/drools/drools-kiesession/8.32.0.Final/drools-kiesession-8.32.0.Final.jar:/home/runner/.m2/repository/org/drools/drools-ecj/8.32.0.Final/drools-ecj-8.32.0.Final.jar:/home/runner/.m2/repository/org/kie/kie-util-xml/8.32.0.Final/kie-util-xml-8.32.0.Final.jar:/home/runner/.m2/repository/org/kie/kie-util-maven-support/8.32.0.Final/kie-util-maven-support-8.32.0.Final.jar:/home/runner/.m2/repository/org/antlr/antlr-runtime/3.5.2/antlr-runtime-3.5.2.jar:/home/runner/.m2/repository/com/github/javaparser/javaparser-core/3.24.2/javaparser-core-3.24.2.jar:/home/runner/.m2/repository/ch/obermuhlner/big-math/2.0.1/big-math-2.0.1.jar:/home/runner/.m2/repository/org/kie/kie-dmn-core/8.32.0.Final/kie-dmn-core-8.32.0.Final.jar:/home/runner/.m2/repository/org/kie/kie-dmn-backend/8.32.0.Final/kie-dmn-backend-8.32.0.Final.jar:/home/runner/.m2/repository/org/kie/kie-memory-compiler/8.32.0.Final/kie-memory-compiler-8.32.0.Final.jar:/home/runner/.m2/repository/org/drools/drools-util/8.32.0.Final/drools-util-8.32.0.Final.jar:/home/runner/.m2/repository/org/drools/drools-wiring-api/8.32.0.Final/drools-wiring-api-8.32.0.Final.jar:/home/runner/.m2/repository/org/drools/drools-core/8.32.0.Final/drools-core-8.32.0.Final.jar:/home/runner/.m2/repository/org/drools/drools-wiring-static/8.32.0.Final/drools-wiring-static-8.32.0.Final.jar:/home/runner/.m2/repository/org/drools/drools-io/8.32.0.Final/drools-io-8.32.0.Final.jar:/home/runner/.m2/repository/org/drools/drools-canonical-model/8.32.0.Final/drools-canonical-model-8.32.0.Final.jar:/home/runner/.m2/repository/org/drools/drools-model-compiler/8.32.0.Final/drools-model-compiler-8.32.0.Final.jar:/home/runner/.m2/repository/org/drools/drools-mvel-parser/8.32.0.Final/drools-mvel-parser-8.32.0.Final.jar:/home/runner/.m2/repository/org/drools/drools-alphanetwork-compiler/8.32.0.Final/drools-alphanetwork-compiler-8.32.0.Final.jar:/home/runner/.m2/repository/org/drools/drools-model-codegen/8.32.0.Final/drools-model-codegen-8.32.0.Final.jar:/home/runner/.m2/repository/org/drools/drools-codegen-common/8.32.0.Final/drools-codegen-common-8.32.0.Final.jar:/home/runner/.m2/repository/org/drools/drools-mvel-compiler/8.32.0.Final/drools-mvel-compiler-8.32.0.Final.jar:/home/runner/.m2/repository/org/kie/efesto-compilation-manager-core/8.32.0.Final/efesto-compilation-manager-core-8.32.0.Final.jar:/home/runner/.m2/repository/org/kie/efesto-compilation-manager-api/8.32.0.Final/efesto-compilation-manager-api-8.32.0.Final.jar:/home/runner/.m2/repository/org/kie/efesto-common-core/8.32.0.Final/efesto-common-core-8.32.0.Final.jar:/home/runner/.m2/repository/org/kie/efesto-runtime-manager-core/8.32.0.Final/efesto-runtime-manager-core-8.32.0.Final.jar:/home/runner/.m2/repository/org/kie/efesto-runtime-manager-api/8.32.0.Final/efesto-runtime-manager-api-8.32.0.Final.jar:/home/runner/.m2/repository/org/kie/efesto-runtime-manager-api/8.32.0.Final/efesto-runtime-manager-api-8.32.0.Final-tests.jar:/home/runner/.m2/repository/org/kie/efesto-common-utils/8.32.0.Final/efesto-common-utils-8.32.0.Final.jar:/home/runner/.m2/repository/org/jpmml/pmml-model/1.5.1/pmml-model-1.5.1.jar:/home/runner/.m2/repository/org/jpmml/pmml-agent/1.5.1/pmml-agent-1.5.1.jar:/home/runner/.m2/repository/org/slf4j/slf4j-api/1.7.36/slf4j-api-1.7.36.jar:/home/runner/.m2/repository/org/kie/kogito/kogito-quarkus-decisions/1.32.0.Final/kogito-quarkus-decisions-1.32.0.Final.jar:/home/runner/.m2/repository/org/kie/kogito/kogito-quarkus-common/1.32.0.Final/kogito-quarkus-common-1.32.0.Final.jar:/home/runner/.m2/repository/org/kie/kogito/kogito-api-incubation-application/1.32.0.Final/kogito-api-incubation-application-1.32.0.Final.jar:/home/runner/.m2/repository/org/kie/kogito/kogito-api-incubation-common/1.32.0.Final/kogito-api-incubation-common-1.32.0.Final.jar:/home/runner/.m2/repository/org/kie/kogito/kogito-api-incubation-common-objectmapper/1.32.0.Final/kogito-api-incubation-common-objectmapper-1.32.0.Final.jar:/home/runner/.m2/repository/org/mvel/mvel2/2.4.12.Final/mvel2-2.4.12.Final.jar:/home/runner/.m2/repository/com/jayway/jsonpath/json-path/2.6.0/json-path-2.6.0.jar:/home/runner/.m2/repository/net/minidev/json-smart/2.4.7/json-smart-2.4.7.jar:/home/runner/.m2/repository/net/minidev/accessors-smart/2.4.7/accessors-smart-2.4.7.jar:/home/runner/.m2/repository/io/quarkus/arc/arc-processor/2.15.3.Final/arc-processor-2.15.3.Final.jar:/home/runner/.m2/repository/io/quarkus/gizmo/gizmo/1.4.0.Final/gizmo-1.4.0.Final.jar:/home/runner/.m2/repository/org/ow2/asm/asm-util/9.4/asm-util-9.4.jar:/home/runner/.m2/repository/org/ow2/asm/asm-analysis/9.4/asm-analysis-9.4.jar:/home/runner/.m2/repository/org/kie/kogito/kogito-api/1.32.0.Final/kogito-api-1.32.0.Final.jar:/home/runner/.m2/repository/io/cloudevents/cloudevents-api/2.3.0/cloudevents-api-2.3.0.jar:/home/runner/.m2/repository/org/drools/drools-ruleunits-api/8.32.0.Final/drools-ruleunits-api-8.32.0.Final.jar:/home/runner/.m2/repository/org/kie/kogito/kogito-timer/1.32.0.Final/kogito-timer-1.32.0.Final.jar:/home/runner/.m2/repository/org/kie/kie-pmml-evaluator-api/8.32.0.Final/kie-pmml-evaluator-api-8.32.0.Final.jar:/home/runner/.m2/repository/org/kie/kie-pmml-api/8.32.0.Final/kie-pmml-api-8.32.0.Final.jar:/home/runner/.m2/repository/org/apache/commons/commons-math3/3.4.1/commons-math3-3.4.1.jar:/home/runner/.m2/repository/org/kie/kie-pmml-commons/8.32.0.Final/kie-pmml-commons-8.32.0.Final.jar:/home/runner/.m2/repository/org/apache/commons/commons-text/1.10.0/commons-text-1.10.0.jar:/home/runner/.m2/repository/org/kie/kogito/kogito-api-incubation-decisions-services/1.32.0.Final/kogito-api-incubation-decisions-services-1.32.0.Final.jar:/home/runner/.m2/repository/org/kie/kogito/kogito-api-incubation-decisions/1.32.0.Final/kogito-api-incubation-decisions-1.32.0.Final.jar:/home/runner/.m2/repository/io/cloudevents/cloudevents-json-jackson/2.3.0/cloudevents-json-jackson-2.3.0.jar:/home/runner/.m2/repository/io/cloudevents/cloudevents-core/2.3.0/cloudevents-core-2.3.0.jar:/home/runner/.m2/repository/org/kie/kogito/kogito-dmn/1.32.0.Final/kogito-dmn-1.32.0.Final.jar:/home/runner/.m2/repository/org/kie/kie-dmn-validation/8.32.0.Final/kie-dmn-validation-8.32.0.Final.jar:/home/runner/.m2/repository/org/drools/drools-commands/8.32.0.Final/drools-commands-8.32.0.Final.jar:/home/runner/.m2/repository/org/kie/kogito/kogito-drools/1.32.0.Final/kogito-drools-1.32.0.Final.jar:/home/runner/.m2/repository/org/drools/drools-ruleunits-impl/8.32.0.Final/drools-ruleunits-impl-8.32.0.Final.jar:/home/runner/.m2/repository/io/quarkus/quarkus-junit5/2.15.3.Final/quarkus-junit5-2.15.3.Final.jar:/home/runner/.m2/repository/io/quarkus/quarkus-bootstrap-core/2.15.3.Final/quarkus-bootstrap-core-2.15.3.Final.jar:/home/runner/.m2/repository/io/quarkus/quarkus-bootstrap-app-model/2.15.3.Final/quarkus-bootstrap-app-model-2.15.3.Final.jar:/home/runner/.m2/repository/io/smallrye/common/smallrye-common-io/1.13.2/smallrye-common-io-1.13.2.jar:/home/runner/.m2/repository/org/eclipse/sisu/org.eclipse.sisu.inject/0.3.5/org.eclipse.sisu.inject-0.3.5.jar:/home/runner/.m2/repository/io/quarkus/quarkus-test-common/2.15.3.Final/quarkus-test-common-2.15.3.Final.jar:/home/runner/.m2/repository/io/quarkus/quarkus-core-deployment/2.15.3.Final/quarkus-core-deployment-2.15.3.Final.jar:/home/runner/.m2/repository/org/aesh/readline/2.2/readline-2.2.jar:/home/runner/.m2/repository/org/fusesource/jansi/jansi/1.18/jansi-1.18.jar:/home/runner/.m2/repository/org/aesh/aesh/2.6/aesh-2.6.jar:/home/runner/.m2/repository/org/ow2/asm/asm/9.4/asm-9.4.jar:/home/runner/.m2/repository/org/ow2/asm/asm-commons/9.4/asm-commons-9.4.jar:/home/runner/.m2/repository/org/ow2/asm/asm-tree/9.4/asm-tree-9.4.jar:/home/runner/.m2/repository/io/quarkus/quarkus-class-change-agent/2.15.3.Final/quarkus-class-change-agent-2.15.3.Final.jar:/home/runner/.m2/repository/io/quarkus/quarkus-devtools-utilities/2.15.3.Final/quarkus-devtools-utilities-2.15.3.Final.jar:/home/runner/.m2/repository/io/quarkus/quarkus-builder/2.15.3.Final/quarkus-builder-2.15.3.Final.jar:/home/runner/.m2/repository/org/junit/platform/junit-platform-launcher/1.9.1/junit-platform-launcher-1.9.1.jar:/home/runner/.m2/repository/io/quarkus/quarkus-bootstrap-maven-resolver/2.15.3.Final/quarkus-bootstrap-maven-resolver-2.15.3.Final.jar:/home/runner/.m2/repository/org/apache/maven/maven-embedder/3.8.6/maven-embedder-3.8.6.jar:/home/runner/.m2/repository/org/apache/maven/maven-settings/3.8.6/maven-settings-3.8.6.jar:/home/runner/.m2/repository/org/apache/maven/maven-core/3.8.6/maven-core-3.8.6.jar:/home/runner/.m2/repository/org/apache/maven/maven-artifact/3.8.6/maven-artifact-3.8.6.jar:/home/runner/.m2/repository/org/codehaus/plexus/plexus-component-annotations/2.1.0/plexus-component-annotations-2.1.0.jar:/home/runner/.m2/repository/org/apache/maven/maven-plugin-api/3.8.6/maven-plugin-api-3.8.6.jar:/home/runner/.m2/repository/org/apache/maven/maven-model/3.8.6/maven-model-3.8.6.jar:/home/runner/.m2/repository/org/apache/maven/maven-model-builder/3.8.6/maven-model-builder-3.8.6.jar:/home/runner/.m2/repository/org/apache/maven/maven-builder-support/3.8.6/maven-builder-support-3.8.6.jar:/home/runner/.m2/repository/org/apache/maven/resolver/maven-resolver-api/1.6.3/maven-resolver-api-1.6.3.jar:/home/runner/.m2/repository/org/apache/maven/resolver/maven-resolver-util/1.6.3/maven-resolver-util-1.6.3.jar:/home/runner/.m2/repository/org/apache/maven/shared/maven-shared-utils/3.3.4/maven-shared-utils-3.3.4.jar:/home/runner/.m2/repository/com/google/inject/guice/4.2.2/guice-4.2.2-no_aop.jar:/home/runner/.m2/repository/com/google/guava/guava/31.1-jre/guava-31.1-jre.jar:/home/runner/.m2/repository/com/google/guava/failureaccess/1.0.1/failureaccess-1.0.1.jar:/home/runner/.m2/repository/org/codehaus/plexus/plexus-classworlds/2.6.0/plexus-classworlds-2.6.0.jar:/home/runner/.m2/repository/org/codehaus/plexus/plexus-sec-dispatcher/2.0/plexus-sec-dispatcher-2.0.jar:/home/runner/.m2/repository/org/codehaus/plexus/plexus-cipher/2.0/plexus-cipher-2.0.jar:/home/runner/.m2/repository/commons-cli/commons-cli/1.4/commons-cli-1.4.jar:/home/runner/.m2/repository/org/eclipse/sisu/org.eclipse.sisu.plexus/0.3.5/org.eclipse.sisu.plexus-0.3.5.jar:/home/runner/.m2/repository/org/apache/maven/maven-settings-builder/3.8.6/maven-settings-builder-3.8.6.jar:/home/runner/.m2/repository/org/codehaus/plexus/plexus-interpolation/1.26/plexus-interpolation-1.26.jar:/home/runner/.m2/repository/org/apache/maven/maven-resolver-provider/3.8.6/maven-resolver-provider-3.8.6.jar:/home/runner/.m2/repository/org/apache/maven/maven-repository-metadata/3.8.6/maven-repository-metadata-3.8.6.jar:/home/runner/.m2/repository/org/apache/maven/resolver/maven-resolver-spi/1.6.3/maven-resolver-spi-1.6.3.jar:/home/runner/.m2/repository/org/apache/maven/resolver/maven-resolver-impl/1.6.3/maven-resolver-impl-1.6.3.jar:/home/runner/.m2/repository/org/codehaus/plexus/plexus-utils/3.3.0/plexus-utils-3.3.0.jar:/home/runner/.m2/repository/org/apache/maven/resolver/maven-resolver-connector-basic/1.6.3/maven-resolver-connector-basic-1.6.3.jar:/home/runner/.m2/repository/org/apache/maven/resolver/maven-resolver-transport-wagon/1.6.3/maven-resolver-transport-wagon-1.6.3.jar:/home/runner/.m2/repository/org/apache/maven/wagon/wagon-http/3.5.1/wagon-http-3.5.1.jar:/home/runner/.m2/repository/org/apache/maven/wagon/wagon-http-shared/3.5.1/wagon-http-shared-3.5.1.jar:/home/runner/.m2/repository/org/apache/maven/wagon/wagon-provider-api/3.5.1/wagon-provider-api-3.5.1.jar:/home/runner/.m2/repository/org/apache/maven/wagon/wagon-file/3.5.1/wagon-file-3.5.1.jar:/home/runner/.m2/repository/io/quarkus/quarkus-bootstrap-gradle-resolver/2.15.3.Final/quarkus-bootstrap-gradle-resolver-2.15.3.Final.jar:/home/runner/.m2/repository/io/quarkus/quarkus-junit5-properties/2.15.3.Final/quarkus-junit5-properties-2.15.3.Final.jar:/home/runner/.m2/repository/org/junit/jupiter/junit-jupiter/5.9.1/junit-jupiter-5.9.1.jar:/home/runner/.m2/repository/org/junit/jupiter/junit-jupiter-api/5.9.1/junit-jupiter-api-5.9.1.jar:/home/runner/.m2/repository/org/opentest4j/opentest4j/1.2.0/opentest4j-1.2.0.jar:/home/runner/.m2/repository/org/junit/platform/junit-platform-commons/1.9.1/junit-platform-commons-1.9.1.jar:/home/runner/.m2/repository/org/apiguardian/apiguardian-api/1.1.2/apiguardian-api-1.1.2.jar:/home/runner/.m2/repository/org/junit/jupiter/junit-jupiter-params/5.9.1/junit-jupiter-params-5.9.1.jar:/home/runner/.m2/repository/org/junit/jupiter/junit-jupiter-engine/5.9.1/junit-jupiter-engine-5.9.1.jar:/home/runner/.m2/repository/org/junit/platform/junit-platform-engine/1.9.1/junit-platform-engine-1.9.1.jar:/home/runner/.m2/repository/com/thoughtworks/xstream/xstream/1.4.20/xstream-1.4.20.jar:/home/runner/.m2/repository/io/github/x-stream/mxparser/1.2.2/mxparser-1.2.2.jar:/home/runner/.m2/repository/xmlpull/xmlpull/1.1.3.1/xmlpull-1.1.3.1.jar:/home/runner/.m2/repository/io/rest-assured/rest-assured/4.5.1/rest-assured-4.5.1.jar:/home/runner/.m2/repository/org/codehaus/groovy/groovy/3.0.9/groovy-3.0.9.jar:/home/runner/.m2/repository/org/codehaus/groovy/groovy-xml/3.0.9/groovy-xml-3.0.9.jar:/home/runner/.m2/repository/org/apache/httpcomponents/httpclient/4.5.13/httpclient-4.5.13.jar:/home/runner/.m2/repository/org/apache/httpcomponents/httpcore/4.4.15/httpcore-4.4.15.jar:/home/runner/.m2/repository/commons-codec/commons-codec/1.15/commons-codec-1.15.jar:/home/runner/.m2/repository/org/apache/httpcomponents/httpmime/4.5.13/httpmime-4.5.13.jar:/home/runner/.m2/repository/org/hamcrest/hamcrest/2.1/hamcrest-2.1.jar:/home/runner/.m2/repository/org/ccil/cowan/tagsoup/tagsoup/1.2.1/tagsoup-1.2.1.jar:/home/runner/.m2/repository/io/rest-assured/json-path/4.5.1/json-path-4.5.1.jar:/home/runner/.m2/repository/org/codehaus/groovy/groovy-json/3.0.9/groovy-json-3.0.9.jar:/home/runner/.m2/repository/io/rest-assured/rest-assured-common/4.5.1/rest-assured-common-4.5.1.jar:/home/runner/.m2/repository/io/rest-assured/xml-path/4.5.1/xml-path-4.5.1.jar:/home/runner/.m2/repository/org/apache/commons/commons-lang3/3.12.0/commons-lang3-3.12.0.jar:/home/runner/.m2/repository/junit/junit/4.13.1/junit-4.13.1.jar:/home/runner/.m2/repository/org/hamcrest/hamcrest-core/1.3/hamcrest-core-1.3.jar:"
    />
    <property name="java.vm.vendor" value="Azul Systems, Inc." />
    <property name="sun.arch.data.model" value="64" />
    <property name="java.vendor.url" value="http://www.azul.com/" />
    <property name="user.timezone" value="Etc/UTC" />
    <property name="java.vm.specification.version" value="11" />
    <property name="os.name" value="Linux" />
    <property name="sun.java.launcher" value="SUN_STANDARD" />
    <property name="sun.boot.library.path" value="/opt/hostedtoolcache/Java_Zulu_jdk/11.0.18-10/x64/lib" />
    <property
      name="sun.java.command"
      value="/home/runner/work/kie-tools/kie-tools/packages/dmn-dev-deployment-quarkus-app/target/surefire/surefirebooter10936794033723238798.jar /home/runner/work/kie-tools/kie-tools/packages/dmn-dev-deployment-quarkus-app/target/surefire 2023-02-14T20-09-12_995-jvmRun1 surefire17398367535304373547tmp surefire_010360397335390670185tmp"
    />
    <property name="jdk.debug" value="release" />
    <property name="maven.home" value="/opt/hostedtoolcache/maven/3.8.6/x64" />
    <property
      name="surefire.test.class.path"
      value="/home/runner/work/kie-tools/kie-tools/packages/dmn-dev-deployment-quarkus-app/target/test-classes:/home/runner/work/kie-tools/kie-tools/packages/dmn-dev-deployment-quarkus-app/target/classes:/home/runner/.m2/repository/io/quarkus/quarkus-resteasy/2.15.3.Final/quarkus-resteasy-2.15.3.Final.jar:/home/runner/.m2/repository/io/quarkus/quarkus-vertx-http/2.15.3.Final/quarkus-vertx-http-2.15.3.Final.jar:/home/runner/.m2/repository/io/quarkus/quarkus-security-runtime-spi/2.15.3.Final/quarkus-security-runtime-spi-2.15.3.Final.jar:/home/runner/.m2/repository/io/quarkus/quarkus-credentials/2.15.3.Final/quarkus-credentials-2.15.3.Final.jar:/home/runner/.m2/repository/io/quarkus/quarkus-mutiny/2.15.3.Final/quarkus-mutiny-2.15.3.Final.jar:/home/runner/.m2/repository/io/smallrye/reactive/mutiny/1.8.0/mutiny-1.8.0.jar:/home/runner/.m2/repository/io/quarkus/quarkus-smallrye-context-propagation/2.15.3.Final/quarkus-smallrye-context-propagation-2.15.3.Final.jar:/home/runner/.m2/repository/io/smallrye/smallrye-context-propagation/1.2.2/smallrye-context-propagation-1.2.2.jar:/home/runner/.m2/repository/io/smallrye/smallrye-context-propagation-api/1.2.2/smallrye-context-propagation-api-1.2.2.jar:/home/runner/.m2/repository/io/smallrye/smallrye-context-propagation-storage/1.2.2/smallrye-context-propagation-storage-1.2.2.jar:/home/runner/.m2/repository/io/smallrye/reactive/mutiny-smallrye-context-propagation/1.8.0/mutiny-smallrye-context-propagation-1.8.0.jar:/home/runner/.m2/repository/io/smallrye/common/smallrye-common-vertx-context/1.13.2/smallrye-common-vertx-context-1.13.2.jar:/home/runner/.m2/repository/io/vertx/vertx-core/4.3.6/vertx-core-4.3.6.jar:/home/runner/.m2/repository/io/netty/netty-common/4.1.86.Final/netty-common-4.1.86.Final.jar:/home/runner/.m2/repository/io/netty/netty-buffer/4.1.86.Final/netty-buffer-4.1.86.Final.jar:/home/runner/.m2/repository/io/netty/netty-transport/4.1.86.Final/netty-transport-4.1.86.Final.jar:/home/runner/.m2/repository/io/netty/netty-handler/4.1.86.Final/netty-handler-4.1.86.Final.jar:/home/runner/.m2/repository/io/netty/netty-transport-native-unix-common/4.1.86.Final/netty-transport-native-unix-common-4.1.86.Final.jar:/home/runner/.m2/repository/io/netty/netty-handler-proxy/4.1.86.Final/netty-handler-proxy-4.1.86.Final.jar:/home/runner/.m2/repository/io/netty/netty-codec-socks/4.1.86.Final/netty-codec-socks-4.1.86.Final.jar:/home/runner/.m2/repository/io/netty/netty-codec-http/4.1.86.Final/netty-codec-http-4.1.86.Final.jar:/home/runner/.m2/repository/io/netty/netty-codec-http2/4.1.86.Final/netty-codec-http2-4.1.86.Final.jar:/home/runner/.m2/repository/io/netty/netty-resolver/4.1.86.Final/netty-resolver-4.1.86.Final.jar:/home/runner/.m2/repository/io/netty/netty-resolver-dns/4.1.86.Final/netty-resolver-dns-4.1.86.Final.jar:/home/runner/.m2/repository/io/netty/netty-codec-dns/4.1.86.Final/netty-codec-dns-4.1.86.Final.jar:/home/runner/.m2/repository/io/smallrye/common/smallrye-common-constraint/1.13.2/smallrye-common-constraint-1.13.2.jar:/home/runner/.m2/repository/io/quarkus/quarkus-vertx-http-dev-console-runtime-spi/2.15.3.Final/quarkus-vertx-http-dev-console-runtime-spi-2.15.3.Final.jar:/home/runner/.m2/repository/io/quarkus/security/quarkus-security/1.1.4.Final/quarkus-security-1.1.4.Final.jar:/home/runner/.m2/repository/io/quarkus/quarkus-vertx/2.15.3.Final/quarkus-vertx-2.15.3.Final.jar:/home/runner/.m2/repository/io/quarkus/quarkus-netty/2.15.3.Final/quarkus-netty-2.15.3.Final.jar:/home/runner/.m2/repository/io/netty/netty-codec/4.1.86.Final/netty-codec-4.1.86.Final.jar:/home/runner/.m2/repository/com/aayushatharva/brotli4j/brotli4j/1.8.0/brotli4j-1.8.0.jar:/home/runner/.m2/repository/com/aayushatharva/brotli4j/native-linux-x86_64/1.8.0/native-linux-x86_64-1.8.0.jar:/home/runner/.m2/repository/io/netty/netty-codec-haproxy/4.1.86.Final/netty-codec-haproxy-4.1.86.Final.jar:/home/runner/.m2/repository/io/smallrye/common/smallrye-common-annotation/1.13.2/smallrye-common-annotation-1.13.2.jar:/home/runner/.m2/repository/io/quarkus/quarkus-vertx-latebound-mdc-provider/2.15.3.Final/quarkus-vertx-latebound-mdc-provider-2.15.3.Final.jar:/home/runner/.m2/repository/io/smallrye/reactive/smallrye-mutiny-vertx-core/2.29.0/smallrye-mutiny-vertx-core-2.29.0.jar:/home/runner/.m2/repository/io/smallrye/reactive/smallrye-mutiny-vertx-runtime/2.29.0/smallrye-mutiny-vertx-runtime-2.29.0.jar:/home/runner/.m2/repository/io/smallrye/reactive/vertx-mutiny-generator/2.29.0/vertx-mutiny-generator-2.29.0.jar:/home/runner/.m2/repository/io/vertx/vertx-codegen/4.3.6/vertx-codegen-4.3.6.jar:/home/runner/.m2/repository/io/smallrye/smallrye-fault-tolerance-vertx/5.6.0/smallrye-fault-tolerance-vertx-5.6.0.jar:/home/runner/.m2/repository/io/smallrye/reactive/smallrye-mutiny-vertx-web/2.29.0/smallrye-mutiny-vertx-web-2.29.0.jar:/home/runner/.m2/repository/io/smallrye/reactive/smallrye-mutiny-vertx-web-common/2.29.0/smallrye-mutiny-vertx-web-common-2.29.0.jar:/home/runner/.m2/repository/io/smallrye/reactive/smallrye-mutiny-vertx-auth-common/2.29.0/smallrye-mutiny-vertx-auth-common-2.29.0.jar:/home/runner/.m2/repository/io/smallrye/reactive/smallrye-mutiny-vertx-bridge-common/2.29.0/smallrye-mutiny-vertx-bridge-common-2.29.0.jar:/home/runner/.m2/repository/io/smallrye/reactive/smallrye-mutiny-vertx-uri-template/2.29.0/smallrye-mutiny-vertx-uri-template-2.29.0.jar:/home/runner/.m2/repository/io/vertx/vertx-uri-template/4.3.6/vertx-uri-template-4.3.6.jar:/home/runner/.m2/repository/io/vertx/vertx-web/4.3.6/vertx-web-4.3.6.jar:/home/runner/.m2/repository/io/vertx/vertx-web-common/4.3.6/vertx-web-common-4.3.6.jar:/home/runner/.m2/repository/io/vertx/vertx-auth-common/4.3.6/vertx-auth-common-4.3.6.jar:/home/runner/.m2/repository/io/vertx/vertx-bridge-common/4.3.6/vertx-bridge-common-4.3.6.jar:/home/runner/.m2/repository/io/github/crac/org-crac/0.1.3/org-crac-0.1.3.jar:/home/runner/.m2/repository/io/quarkus/quarkus-resteasy-server-common/2.15.3.Final/quarkus-resteasy-server-common-2.15.3.Final.jar:/home/runner/.m2/repository/io/quarkus/quarkus-resteasy-common/2.15.3.Final/quarkus-resteasy-common-2.15.3.Final.jar:/home/runner/.m2/repository/jakarta/validation/jakarta.validation-api/2.0.2/jakarta.validation-api-2.0.2.jar:/home/runner/.m2/repository/io/quarkus/quarkus-resteasy-jackson/2.15.3.Final/quarkus-resteasy-jackson-2.15.3.Final.jar:/home/runner/.m2/repository/io/quarkus/quarkus-jackson/2.15.3.Final/quarkus-jackson-2.15.3.Final.jar:/home/runner/.m2/repository/com/fasterxml/jackson/core/jackson-databind/2.14.1/jackson-databind-2.14.1.jar:/home/runner/.m2/repository/com/fasterxml/jackson/datatype/jackson-datatype-jsr310/2.14.1/jackson-datatype-jsr310-2.14.1.jar:/home/runner/.m2/repository/com/fasterxml/jackson/datatype/jackson-datatype-jdk8/2.14.1/jackson-datatype-jdk8-2.14.1.jar:/home/runner/.m2/repository/com/fasterxml/jackson/module/jackson-module-parameter-names/2.14.1/jackson-module-parameter-names-2.14.1.jar:/home/runner/.m2/repository/org/jboss/resteasy/resteasy-jackson2-provider/4.7.7.Final/resteasy-jackson2-provider-4.7.7.Final.jar:/home/runner/.m2/repository/com/fasterxml/jackson/core/jackson-core/2.14.1/jackson-core-2.14.1.jar:/home/runner/.m2/repository/com/fasterxml/jackson/core/jackson-annotations/2.14.1/jackson-annotations-2.14.1.jar:/home/runner/.m2/repository/com/fasterxml/jackson/jaxrs/jackson-jaxrs-json-provider/2.14.1/jackson-jaxrs-json-provider-2.14.1.jar:/home/runner/.m2/repository/com/fasterxml/jackson/jaxrs/jackson-jaxrs-base/2.14.1/jackson-jaxrs-base-2.14.1.jar:/home/runner/.m2/repository/com/fasterxml/jackson/module/jackson-module-jaxb-annotations/2.14.1/jackson-module-jaxb-annotations-2.14.1.jar:/home/runner/.m2/repository/com/github/java-json-tools/json-patch/1.13/json-patch-1.13.jar:/home/runner/.m2/repository/com/github/java-json-tools/msg-simple/1.2/msg-simple-1.2.jar:/home/runner/.m2/repository/com/github/java-json-tools/btf/1.3/btf-1.3.jar:/home/runner/.m2/repository/com/github/java-json-tools/jackson-coreutils/2.0/jackson-coreutils-2.0.jar:/home/runner/.m2/repository/org/jboss/logging/jboss-logging/3.5.0.Final/jboss-logging-3.5.0.Final.jar:/home/runner/.m2/repository/org/jboss/spec/javax/xml/bind/jboss-jaxb-api_2.3_spec/2.0.0.Final/jboss-jaxb-api_2.3_spec-2.0.0.Final.jar:/home/runner/.m2/repository/io/quarkus/quarkus-resteasy-multipart/2.15.3.Final/quarkus-resteasy-multipart-2.15.3.Final.jar:/home/runner/.m2/repository/org/jboss/resteasy/resteasy-multipart-provider/4.7.7.Final/resteasy-multipart-provider-4.7.7.Final.jar:/home/runner/.m2/repository/org/jboss/resteasy/resteasy-core-spi/4.7.7.Final/resteasy-core-spi-4.7.7.Final.jar:/home/runner/.m2/repository/org/jboss/spec/javax/ws/rs/jboss-jaxrs-api_2.1_spec/2.0.1.Final/jboss-jaxrs-api_2.1_spec-2.0.1.Final.jar:/home/runner/.m2/repository/org/reactivestreams/reactive-streams/1.0.3/reactive-streams-1.0.3.jar:/home/runner/.m2/repository/org/jboss/resteasy/resteasy-core/4.7.7.Final/resteasy-core-4.7.7.Final.jar:/home/runner/.m2/repository/com/ibm/async/asyncutil/0.1.0/asyncutil-0.1.0.jar:/home/runner/.m2/repository/org/jboss/resteasy/resteasy-jaxb-provider/4.7.7.Final/resteasy-jaxb-provider-4.7.7.Final.jar:/home/runner/.m2/repository/org/glassfish/jaxb/jaxb-runtime/2.3.3-b02/jaxb-runtime-2.3.3-b02.jar:/home/runner/.m2/repository/org/glassfish/jaxb/txw2/2.3.3-b02/txw2-2.3.3-b02.jar:/home/runner/.m2/repository/com/sun/istack/istack-commons-runtime/3.0.10/istack-commons-runtime-3.0.10.jar:/home/runner/.m2/repository/com/sun/mail/jakarta.mail/1.6.7/jakarta.mail-1.6.7.jar:/home/runner/.m2/repository/org/apache/james/apache-mime4j-dom/0.8.3/apache-mime4j-dom-0.8.3.jar:/home/runner/.m2/repository/org/apache/james/apache-mime4j-core/0.8.3/apache-mime4j-core-0.8.3.jar:/home/runner/.m2/repository/org/apache/james/apache-mime4j-storage/0.8.3/apache-mime4j-storage-0.8.3.jar:/home/runner/.m2/repository/commons-io/commons-io/2.11.0/commons-io-2.11.0.jar:/home/runner/.m2/repository/com/sun/activation/jakarta.activation/1.2.1/jakarta.activation-1.2.1.jar:/home/runner/.m2/repository/org/jboss/logging/commons-logging-jboss-logging/1.0.0.Final/commons-logging-jboss-logging-1.0.0.Final.jar:/home/runner/.m2/repository/io/quarkus/quarkus-smallrye-openapi/2.15.3.Final/quarkus-smallrye-openapi-2.15.3.Final.jar:/home/runner/.m2/repository/io/smallrye/smallrye-open-api-core/2.3.1/smallrye-open-api-core-2.3.1.jar:/home/runner/.m2/repository/org/eclipse/microprofile/openapi/microprofile-openapi-api/2.0.1/microprofile-openapi-api-2.0.1.jar:/home/runner/.m2/repository/org/eclipse/microprofile/config/microprofile-config-api/2.0.1/microprofile-config-api-2.0.1.jar:/home/runner/.m2/repository/com/fasterxml/jackson/dataformat/jackson-dataformat-yaml/2.14.1/jackson-dataformat-yaml-2.14.1.jar:/home/runner/.m2/repository/org/yaml/snakeyaml/1.33/snakeyaml-1.33.jar:/home/runner/.m2/repository/io/smallrye/jandex/3.0.5/jandex-3.0.5.jar:/home/runner/.m2/repository/io/quarkus/quarkus-core/2.15.3.Final/quarkus-core-2.15.3.Final.jar:/home/runner/.m2/repository/jakarta/annotation/jakarta.annotation-api/1.3.5/jakarta.annotation-api-1.3.5.jar:/home/runner/.m2/repository/jakarta/enterprise/jakarta.enterprise.cdi-api/2.0.2/jakarta.enterprise.cdi-api-2.0.2.jar:/home/runner/.m2/repository/jakarta/el/jakarta.el-api/3.0.3/jakarta.el-api-3.0.3.jar:/home/runner/.m2/repository/jakarta/interceptor/jakarta.interceptor-api/1.2.5/jakarta.interceptor-api-1.2.5.jar:/home/runner/.m2/repository/jakarta/inject/jakarta.inject-api/1.0/jakarta.inject-api-1.0.jar:/home/runner/.m2/repository/io/quarkus/quarkus-ide-launcher/2.15.3.Final/quarkus-ide-launcher-2.15.3.Final.jar:/home/runner/.m2/repository/io/quarkus/quarkus-development-mode-spi/2.15.3.Final/quarkus-development-mode-spi-2.15.3.Final.jar:/home/runner/.m2/repository/io/smallrye/config/smallrye-config/2.13.1/smallrye-config-2.13.1.jar:/home/runner/.m2/repository/io/smallrye/config/smallrye-config-core/2.13.1/smallrye-config-core-2.13.1.jar:/home/runner/.m2/repository/io/smallrye/common/smallrye-common-expression/1.13.2/smallrye-common-expression-1.13.2.jar:/home/runner/.m2/repository/io/smallrye/common/smallrye-common-function/1.13.2/smallrye-common-function-1.13.2.jar:/home/runner/.m2/repository/io/smallrye/common/smallrye-common-classloader/1.13.2/smallrye-common-classloader-1.13.2.jar:/home/runner/.m2/repository/io/smallrye/config/smallrye-config-common/2.13.1/smallrye-config-common-2.13.1.jar:/home/runner/.m2/repository/org/jboss/logmanager/jboss-logmanager-embedded/1.0.11/jboss-logmanager-embedded-1.0.11.jar:/home/runner/.m2/repository/org/jboss/logging/jboss-logging-annotations/2.2.1.Final/jboss-logging-annotations-2.2.1.Final.jar:/home/runner/.m2/repository/org/jboss/threads/jboss-threads/3.4.3.Final/jboss-threads-3.4.3.Final.jar:/home/runner/.m2/repository/org/jboss/slf4j/slf4j-jboss-logmanager/1.2.0.Final/slf4j-jboss-logmanager-1.2.0.Final.jar:/home/runner/.m2/repository/org/graalvm/sdk/graal-sdk/22.3.0/graal-sdk-22.3.0.jar:/home/runner/.m2/repository/org/wildfly/common/wildfly-common/1.5.4.Final-format-001/wildfly-common-1.5.4.Final-format-001.jar:/home/runner/.m2/repository/io/quarkus/quarkus-bootstrap-runner/2.15.3.Final/quarkus-bootstrap-runner-2.15.3.Final.jar:/home/runner/.m2/repository/io/quarkus/quarkus-fs-util/0.0.9/quarkus-fs-util-0.0.9.jar:/home/runner/.m2/repository/io/quarkus/quarkus-arc/2.15.3.Final/quarkus-arc-2.15.3.Final.jar:/home/runner/.m2/repository/io/quarkus/arc/arc/2.15.3.Final/arc-2.15.3.Final.jar:/home/runner/.m2/repository/jakarta/transaction/jakarta.transaction-api/1.3.3/jakarta.transaction-api-1.3.3.jar:/home/runner/.m2/repository/org/eclipse/microprofile/context-propagation/microprofile-context-propagation-api/1.2/microprofile-context-propagation-api-1.2.jar:/home/runner/.m2/repository/io/quarkus/quarkus-swagger-ui/2.15.3.Final/quarkus-swagger-ui-2.15.3.Final.jar:/home/runner/.m2/repository/io/quarkus/quarkus-smallrye-health/2.15.3.Final/quarkus-smallrye-health-2.15.3.Final.jar:/home/runner/.m2/repository/io/smallrye/smallrye-health/3.3.1/smallrye-health-3.3.1.jar:/home/runner/.m2/repository/org/eclipse/microprofile/health/microprofile-health-api/3.1/microprofile-health-api-3.1.jar:/home/runner/.m2/repository/io/smallrye/smallrye-health-api/3.3.1/smallrye-health-api-3.3.1.jar:/home/runner/.m2/repository/io/smallrye/smallrye-health-provided-checks/3.3.1/smallrye-health-provided-checks-3.3.1.jar:/home/runner/.m2/repository/io/quarkus/quarkus-jsonp/2.15.3.Final/quarkus-jsonp-2.15.3.Final.jar:/home/runner/.m2/repository/org/glassfish/jakarta.json/1.1.6/jakarta.json-1.1.6.jar:/home/runner/.m2/repository/org/kie/kie-dmn-openapi/8.32.0.Final/kie-dmn-openapi-8.32.0.Final.jar:/home/runner/.m2/repository/org/kie/kie-dmn-api/8.32.0.Final/kie-dmn-api-8.32.0.Final.jar:/home/runner/.m2/repository/org/kie/kie-api/8.32.0.Final/kie-api-8.32.0.Final.jar:/home/runner/.m2/repository/org/kie/efesto-common-api/8.32.0.Final/efesto-common-api-8.32.0.Final.jar:/home/runner/.m2/repository/org/assertj/assertj-core/3.23.1/assertj-core-3.23.1.jar:/home/runner/.m2/repository/net/bytebuddy/byte-buddy/1.12.18/byte-buddy-1.12.18.jar:/home/runner/.m2/repository/org/kie/kie-internal/8.32.0.Final/kie-internal-8.32.0.Final.jar:/home/runner/.m2/repository/org/kie/kie-dmn-model/8.32.0.Final/kie-dmn-model-8.32.0.Final.jar:/home/runner/.m2/repository/org/kie/kie-dmn-feel/8.32.0.Final/kie-dmn-feel-8.32.0.Final.jar:/home/runner/.m2/repository/org/antlr/antlr4-runtime/4.10.1/antlr4-runtime-4.10.1.jar:/home/runner/.m2/repository/org/drools/drools-compiler/8.32.0.Final/drools-compiler-8.32.0.Final.jar:/home/runner/.m2/repository/org/drools/drools-drl-parser/8.32.0.Final/drools-drl-parser-8.32.0.Final.jar:/home/runner/.m2/repository/org/drools/drools-drl-extensions/8.32.0.Final/drools-drl-extensions-8.32.0.Final.jar:/home/runner/.m2/repository/org/drools/drools-drl-ast/8.32.0.Final/drools-drl-ast-8.32.0.Final.jar:/home/runner/.m2/repository/org/drools/drools-kiesession/8.32.0.Final/drools-kiesession-8.32.0.Final.jar:/home/runner/.m2/repository/org/drools/drools-ecj/8.32.0.Final/drools-ecj-8.32.0.Final.jar:/home/runner/.m2/repository/org/kie/kie-util-xml/8.32.0.Final/kie-util-xml-8.32.0.Final.jar:/home/runner/.m2/repository/org/kie/kie-util-maven-support/8.32.0.Final/kie-util-maven-support-8.32.0.Final.jar:/home/runner/.m2/repository/org/antlr/antlr-runtime/3.5.2/antlr-runtime-3.5.2.jar:/home/runner/.m2/repository/com/github/javaparser/javaparser-core/3.24.2/javaparser-core-3.24.2.jar:/home/runner/.m2/repository/ch/obermuhlner/big-math/2.0.1/big-math-2.0.1.jar:/home/runner/.m2/repository/org/kie/kie-dmn-core/8.32.0.Final/kie-dmn-core-8.32.0.Final.jar:/home/runner/.m2/repository/org/kie/kie-dmn-backend/8.32.0.Final/kie-dmn-backend-8.32.0.Final.jar:/home/runner/.m2/repository/org/kie/kie-memory-compiler/8.32.0.Final/kie-memory-compiler-8.32.0.Final.jar:/home/runner/.m2/repository/org/drools/drools-util/8.32.0.Final/drools-util-8.32.0.Final.jar:/home/runner/.m2/repository/org/drools/drools-wiring-api/8.32.0.Final/drools-wiring-api-8.32.0.Final.jar:/home/runner/.m2/repository/org/drools/drools-core/8.32.0.Final/drools-core-8.32.0.Final.jar:/home/runner/.m2/repository/org/drools/drools-wiring-static/8.32.0.Final/drools-wiring-static-8.32.0.Final.jar:/home/runner/.m2/repository/org/drools/drools-io/8.32.0.Final/drools-io-8.32.0.Final.jar:/home/runner/.m2/repository/org/drools/drools-canonical-model/8.32.0.Final/drools-canonical-model-8.32.0.Final.jar:/home/runner/.m2/repository/org/drools/drools-model-compiler/8.32.0.Final/drools-model-compiler-8.32.0.Final.jar:/home/runner/.m2/repository/org/drools/drools-mvel-parser/8.32.0.Final/drools-mvel-parser-8.32.0.Final.jar:/home/runner/.m2/repository/org/drools/drools-alphanetwork-compiler/8.32.0.Final/drools-alphanetwork-compiler-8.32.0.Final.jar:/home/runner/.m2/repository/org/drools/drools-model-codegen/8.32.0.Final/drools-model-codegen-8.32.0.Final.jar:/home/runner/.m2/repository/org/drools/drools-codegen-common/8.32.0.Final/drools-codegen-common-8.32.0.Final.jar:/home/runner/.m2/repository/org/drools/drools-mvel-compiler/8.32.0.Final/drools-mvel-compiler-8.32.0.Final.jar:/home/runner/.m2/repository/org/kie/efesto-compilation-manager-core/8.32.0.Final/efesto-compilation-manager-core-8.32.0.Final.jar:/home/runner/.m2/repository/org/kie/efesto-compilation-manager-api/8.32.0.Final/efesto-compilation-manager-api-8.32.0.Final.jar:/home/runner/.m2/repository/org/kie/efesto-common-core/8.32.0.Final/efesto-common-core-8.32.0.Final.jar:/home/runner/.m2/repository/org/kie/efesto-runtime-manager-core/8.32.0.Final/efesto-runtime-manager-core-8.32.0.Final.jar:/home/runner/.m2/repository/org/kie/efesto-runtime-manager-api/8.32.0.Final/efesto-runtime-manager-api-8.32.0.Final.jar:/home/runner/.m2/repository/org/kie/efesto-runtime-manager-api/8.32.0.Final/efesto-runtime-manager-api-8.32.0.Final-tests.jar:/home/runner/.m2/repository/org/kie/efesto-common-utils/8.32.0.Final/efesto-common-utils-8.32.0.Final.jar:/home/runner/.m2/repository/org/jpmml/pmml-model/1.5.1/pmml-model-1.5.1.jar:/home/runner/.m2/repository/org/jpmml/pmml-agent/1.5.1/pmml-agent-1.5.1.jar:/home/runner/.m2/repository/org/slf4j/slf4j-api/1.7.36/slf4j-api-1.7.36.jar:/home/runner/.m2/repository/org/kie/kogito/kogito-quarkus-decisions/1.32.0.Final/kogito-quarkus-decisions-1.32.0.Final.jar:/home/runner/.m2/repository/org/kie/kogito/kogito-quarkus-common/1.32.0.Final/kogito-quarkus-common-1.32.0.Final.jar:/home/runner/.m2/repository/org/kie/kogito/kogito-api-incubation-application/1.32.0.Final/kogito-api-incubation-application-1.32.0.Final.jar:/home/runner/.m2/repository/org/kie/kogito/kogito-api-incubation-common/1.32.0.Final/kogito-api-incubation-common-1.32.0.Final.jar:/home/runner/.m2/repository/org/kie/kogito/kogito-api-incubation-common-objectmapper/1.32.0.Final/kogito-api-incubation-common-objectmapper-1.32.0.Final.jar:/home/runner/.m2/repository/org/mvel/mvel2/2.4.12.Final/mvel2-2.4.12.Final.jar:/home/runner/.m2/repository/com/jayway/jsonpath/json-path/2.6.0/json-path-2.6.0.jar:/home/runner/.m2/repository/net/minidev/json-smart/2.4.7/json-smart-2.4.7.jar:/home/runner/.m2/repository/net/minidev/accessors-smart/2.4.7/accessors-smart-2.4.7.jar:/home/runner/.m2/repository/io/quarkus/arc/arc-processor/2.15.3.Final/arc-processor-2.15.3.Final.jar:/home/runner/.m2/repository/io/quarkus/gizmo/gizmo/1.4.0.Final/gizmo-1.4.0.Final.jar:/home/runner/.m2/repository/org/ow2/asm/asm-util/9.4/asm-util-9.4.jar:/home/runner/.m2/repository/org/ow2/asm/asm-analysis/9.4/asm-analysis-9.4.jar:/home/runner/.m2/repository/org/kie/kogito/kogito-api/1.32.0.Final/kogito-api-1.32.0.Final.jar:/home/runner/.m2/repository/io/cloudevents/cloudevents-api/2.3.0/cloudevents-api-2.3.0.jar:/home/runner/.m2/repository/org/drools/drools-ruleunits-api/8.32.0.Final/drools-ruleunits-api-8.32.0.Final.jar:/home/runner/.m2/repository/org/kie/kogito/kogito-timer/1.32.0.Final/kogito-timer-1.32.0.Final.jar:/home/runner/.m2/repository/org/kie/kie-pmml-evaluator-api/8.32.0.Final/kie-pmml-evaluator-api-8.32.0.Final.jar:/home/runner/.m2/repository/org/kie/kie-pmml-api/8.32.0.Final/kie-pmml-api-8.32.0.Final.jar:/home/runner/.m2/repository/org/apache/commons/commons-math3/3.4.1/commons-math3-3.4.1.jar:/home/runner/.m2/repository/org/kie/kie-pmml-commons/8.32.0.Final/kie-pmml-commons-8.32.0.Final.jar:/home/runner/.m2/repository/org/apache/commons/commons-text/1.10.0/commons-text-1.10.0.jar:/home/runner/.m2/repository/org/kie/kogito/kogito-api-incubation-decisions-services/1.32.0.Final/kogito-api-incubation-decisions-services-1.32.0.Final.jar:/home/runner/.m2/repository/org/kie/kogito/kogito-api-incubation-decisions/1.32.0.Final/kogito-api-incubation-decisions-1.32.0.Final.jar:/home/runner/.m2/repository/io/cloudevents/cloudevents-json-jackson/2.3.0/cloudevents-json-jackson-2.3.0.jar:/home/runner/.m2/repository/io/cloudevents/cloudevents-core/2.3.0/cloudevents-core-2.3.0.jar:/home/runner/.m2/repository/org/kie/kogito/kogito-dmn/1.32.0.Final/kogito-dmn-1.32.0.Final.jar:/home/runner/.m2/repository/org/kie/kie-dmn-validation/8.32.0.Final/kie-dmn-validation-8.32.0.Final.jar:/home/runner/.m2/repository/org/drools/drools-commands/8.32.0.Final/drools-commands-8.32.0.Final.jar:/home/runner/.m2/repository/org/kie/kogito/kogito-drools/1.32.0.Final/kogito-drools-1.32.0.Final.jar:/home/runner/.m2/repository/org/drools/drools-ruleunits-impl/8.32.0.Final/drools-ruleunits-impl-8.32.0.Final.jar:/home/runner/.m2/repository/io/quarkus/quarkus-junit5/2.15.3.Final/quarkus-junit5-2.15.3.Final.jar:/home/runner/.m2/repository/io/quarkus/quarkus-bootstrap-core/2.15.3.Final/quarkus-bootstrap-core-2.15.3.Final.jar:/home/runner/.m2/repository/io/quarkus/quarkus-bootstrap-app-model/2.15.3.Final/quarkus-bootstrap-app-model-2.15.3.Final.jar:/home/runner/.m2/repository/io/smallrye/common/smallrye-common-io/1.13.2/smallrye-common-io-1.13.2.jar:/home/runner/.m2/repository/org/eclipse/sisu/org.eclipse.sisu.inject/0.3.5/org.eclipse.sisu.inject-0.3.5.jar:/home/runner/.m2/repository/io/quarkus/quarkus-test-common/2.15.3.Final/quarkus-test-common-2.15.3.Final.jar:/home/runner/.m2/repository/io/quarkus/quarkus-core-deployment/2.15.3.Final/quarkus-core-deployment-2.15.3.Final.jar:/home/runner/.m2/repository/org/aesh/readline/2.2/readline-2.2.jar:/home/runner/.m2/repository/org/fusesource/jansi/jansi/1.18/jansi-1.18.jar:/home/runner/.m2/repository/org/aesh/aesh/2.6/aesh-2.6.jar:/home/runner/.m2/repository/org/ow2/asm/asm/9.4/asm-9.4.jar:/home/runner/.m2/repository/org/ow2/asm/asm-commons/9.4/asm-commons-9.4.jar:/home/runner/.m2/repository/org/ow2/asm/asm-tree/9.4/asm-tree-9.4.jar:/home/runner/.m2/repository/io/quarkus/quarkus-class-change-agent/2.15.3.Final/quarkus-class-change-agent-2.15.3.Final.jar:/home/runner/.m2/repository/io/quarkus/quarkus-devtools-utilities/2.15.3.Final/quarkus-devtools-utilities-2.15.3.Final.jar:/home/runner/.m2/repository/io/quarkus/quarkus-builder/2.15.3.Final/quarkus-builder-2.15.3.Final.jar:/home/runner/.m2/repository/org/junit/platform/junit-platform-launcher/1.9.1/junit-platform-launcher-1.9.1.jar:/home/runner/.m2/repository/io/quarkus/quarkus-bootstrap-maven-resolver/2.15.3.Final/quarkus-bootstrap-maven-resolver-2.15.3.Final.jar:/home/runner/.m2/repository/org/apache/maven/maven-embedder/3.8.6/maven-embedder-3.8.6.jar:/home/runner/.m2/repository/org/apache/maven/maven-settings/3.8.6/maven-settings-3.8.6.jar:/home/runner/.m2/repository/org/apache/maven/maven-core/3.8.6/maven-core-3.8.6.jar:/home/runner/.m2/repository/org/apache/maven/maven-artifact/3.8.6/maven-artifact-3.8.6.jar:/home/runner/.m2/repository/org/codehaus/plexus/plexus-component-annotations/2.1.0/plexus-component-annotations-2.1.0.jar:/home/runner/.m2/repository/org/apache/maven/maven-plugin-api/3.8.6/maven-plugin-api-3.8.6.jar:/home/runner/.m2/repository/org/apache/maven/maven-model/3.8.6/maven-model-3.8.6.jar:/home/runner/.m2/repository/org/apache/maven/maven-model-builder/3.8.6/maven-model-builder-3.8.6.jar:/home/runner/.m2/repository/org/apache/maven/maven-builder-support/3.8.6/maven-builder-support-3.8.6.jar:/home/runner/.m2/repository/org/apache/maven/resolver/maven-resolver-api/1.6.3/maven-resolver-api-1.6.3.jar:/home/runner/.m2/repository/org/apache/maven/resolver/maven-resolver-util/1.6.3/maven-resolver-util-1.6.3.jar:/home/runner/.m2/repository/org/apache/maven/shared/maven-shared-utils/3.3.4/maven-shared-utils-3.3.4.jar:/home/runner/.m2/repository/com/google/inject/guice/4.2.2/guice-4.2.2-no_aop.jar:/home/runner/.m2/repository/com/google/guava/guava/31.1-jre/guava-31.1-jre.jar:/home/runner/.m2/repository/com/google/guava/failureaccess/1.0.1/failureaccess-1.0.1.jar:/home/runner/.m2/repository/org/codehaus/plexus/plexus-classworlds/2.6.0/plexus-classworlds-2.6.0.jar:/home/runner/.m2/repository/org/codehaus/plexus/plexus-sec-dispatcher/2.0/plexus-sec-dispatcher-2.0.jar:/home/runner/.m2/repository/org/codehaus/plexus/plexus-cipher/2.0/plexus-cipher-2.0.jar:/home/runner/.m2/repository/commons-cli/commons-cli/1.4/commons-cli-1.4.jar:/home/runner/.m2/repository/org/eclipse/sisu/org.eclipse.sisu.plexus/0.3.5/org.eclipse.sisu.plexus-0.3.5.jar:/home/runner/.m2/repository/org/apache/maven/maven-settings-builder/3.8.6/maven-settings-builder-3.8.6.jar:/home/runner/.m2/repository/org/codehaus/plexus/plexus-interpolation/1.26/plexus-interpolation-1.26.jar:/home/runner/.m2/repository/org/apache/maven/maven-resolver-provider/3.8.6/maven-resolver-provider-3.8.6.jar:/home/runner/.m2/repository/org/apache/maven/maven-repository-metadata/3.8.6/maven-repository-metadata-3.8.6.jar:/home/runner/.m2/repository/org/apache/maven/resolver/maven-resolver-spi/1.6.3/maven-resolver-spi-1.6.3.jar:/home/runner/.m2/repository/org/apache/maven/resolver/maven-resolver-impl/1.6.3/maven-resolver-impl-1.6.3.jar:/home/runner/.m2/repository/org/codehaus/plexus/plexus-utils/3.3.0/plexus-utils-3.3.0.jar:/home/runner/.m2/repository/org/apache/maven/resolver/maven-resolver-connector-basic/1.6.3/maven-resolver-connector-basic-1.6.3.jar:/home/runner/.m2/repository/org/apache/maven/resolver/maven-resolver-transport-wagon/1.6.3/maven-resolver-transport-wagon-1.6.3.jar:/home/runner/.m2/repository/org/apache/maven/wagon/wagon-http/3.5.1/wagon-http-3.5.1.jar:/home/runner/.m2/repository/org/apache/maven/wagon/wagon-http-shared/3.5.1/wagon-http-shared-3.5.1.jar:/home/runner/.m2/repository/org/apache/maven/wagon/wagon-provider-api/3.5.1/wagon-provider-api-3.5.1.jar:/home/runner/.m2/repository/org/apache/maven/wagon/wagon-file/3.5.1/wagon-file-3.5.1.jar:/home/runner/.m2/repository/io/quarkus/quarkus-bootstrap-gradle-resolver/2.15.3.Final/quarkus-bootstrap-gradle-resolver-2.15.3.Final.jar:/home/runner/.m2/repository/io/quarkus/quarkus-junit5-properties/2.15.3.Final/quarkus-junit5-properties-2.15.3.Final.jar:/home/runner/.m2/repository/org/junit/jupiter/junit-jupiter/5.9.1/junit-jupiter-5.9.1.jar:/home/runner/.m2/repository/org/junit/jupiter/junit-jupiter-api/5.9.1/junit-jupiter-api-5.9.1.jar:/home/runner/.m2/repository/org/opentest4j/opentest4j/1.2.0/opentest4j-1.2.0.jar:/home/runner/.m2/repository/org/junit/platform/junit-platform-commons/1.9.1/junit-platform-commons-1.9.1.jar:/home/runner/.m2/repository/org/apiguardian/apiguardian-api/1.1.2/apiguardian-api-1.1.2.jar:/home/runner/.m2/repository/org/junit/jupiter/junit-jupiter-params/5.9.1/junit-jupiter-params-5.9.1.jar:/home/runner/.m2/repository/org/junit/jupiter/junit-jupiter-engine/5.9.1/junit-jupiter-engine-5.9.1.jar:/home/runner/.m2/repository/org/junit/platform/junit-platform-engine/1.9.1/junit-platform-engine-1.9.1.jar:/home/runner/.m2/repository/com/thoughtworks/xstream/xstream/1.4.20/xstream-1.4.20.jar:/home/runner/.m2/repository/io/github/x-stream/mxparser/1.2.2/mxparser-1.2.2.jar:/home/runner/.m2/repository/xmlpull/xmlpull/1.1.3.1/xmlpull-1.1.3.1.jar:/home/runner/.m2/repository/io/rest-assured/rest-assured/4.5.1/rest-assured-4.5.1.jar:/home/runner/.m2/repository/org/codehaus/groovy/groovy/3.0.9/groovy-3.0.9.jar:/home/runner/.m2/repository/org/codehaus/groovy/groovy-xml/3.0.9/groovy-xml-3.0.9.jar:/home/runner/.m2/repository/org/apache/httpcomponents/httpclient/4.5.13/httpclient-4.5.13.jar:/home/runner/.m2/repository/org/apache/httpcomponents/httpcore/4.4.15/httpcore-4.4.15.jar:/home/runner/.m2/repository/commons-codec/commons-codec/1.15/commons-codec-1.15.jar:/home/runner/.m2/repository/org/apache/httpcomponents/httpmime/4.5.13/httpmime-4.5.13.jar:/home/runner/.m2/repository/org/hamcrest/hamcrest/2.1/hamcrest-2.1.jar:/home/runner/.m2/repository/org/ccil/cowan/tagsoup/tagsoup/1.2.1/tagsoup-1.2.1.jar:/home/runner/.m2/repository/io/rest-assured/json-path/4.5.1/json-path-4.5.1.jar:/home/runner/.m2/repository/org/codehaus/groovy/groovy-json/3.0.9/groovy-json-3.0.9.jar:/home/runner/.m2/repository/io/rest-assured/rest-assured-common/4.5.1/rest-assured-common-4.5.1.jar:/home/runner/.m2/repository/io/rest-assured/xml-path/4.5.1/xml-path-4.5.1.jar:/home/runner/.m2/repository/org/apache/commons/commons-lang3/3.12.0/commons-lang3-3.12.0.jar:/home/runner/.m2/repository/junit/junit/4.13.1/junit-4.13.1.jar:/home/runner/.m2/repository/org/hamcrest/hamcrest-core/1.3/hamcrest-core-1.3.jar:"
    />
    <property name="sun.cpu.endian" value="little" />
    <property name="user.home" value="/home/runner" />
    <property name="user.language" value="en" />
    <property name="java.specification.vendor" value="Oracle Corporation" />
    <property name="java.version.date" value="2023-01-17" />
    <property name="java.home" value="/opt/hostedtoolcache/Java_Zulu_jdk/11.0.18-10/x64" />
    <property name="revision" value="0.0.0" />
    <property name="file.separator" value="/" />
    <property name="basedir" value="/home/runner/work/kie-tools/kie-tools/packages/dmn-dev-deployment-quarkus-app" />
    <property name="java.vm.compressedOopsMode" value="32-bit" />
    <property name="line.separator" value="&#10;" />
    <property name="java.specification.name" value="Java Platform API Specification" />
    <property name="java.vm.specification.vendor" value="Oracle Corporation" />
    <property name="jdk.vendor.version" value="Zulu11.62+17-CA" />
    <property name="java.awt.graphicsenv" value="sun.awt.X11GraphicsEnvironment" />
    <property
      name="surefire.real.class.path"
      value="/home/runner/work/kie-tools/kie-tools/packages/dmn-dev-deployment-quarkus-app/target/surefire/surefirebooter10936794033723238798.jar"
    />
    <property name="sun.management.compiler" value="HotSpot 64-Bit Tiered Compilers" />
    <property name="java.runtime.version" value="11.0.18+10-LTS" />
    <property name="version.org.kie.kogito" value="1.32.0.Final" />
    <property name="user.name" value="runner" />
    <property name="path.separator" value=":" />
    <property name="os.version" value="5.15.0-1031-azure" />
    <property name="java.runtime.name" value="OpenJDK Runtime Environment" />
    <property name="file.encoding" value="UTF-8" />
    <property name="java.vm.name" value="OpenJDK 64-Bit Server VM" />
    <property name="skipTests" value="false" />
    <property name="java.vendor.version" value="Zulu11.62+17-CA" />
    <property name="localRepository" value="/home/runner/.m2/repository" />
    <property name="java.vendor.url.bug" value="http://www.azul.com/support/" />
    <property name="java.io.tmpdir" value="/tmp" />
    <property name="java.version" value="11.0.18" />
    <property name="user.dir" value="/home/runner/work/kie-tools/kie-tools/packages/dmn-dev-deployment-quarkus-app" />
    <property name="os.arch" value="amd64" />
    <property name="java.vm.specification.name" value="Java Virtual Machine Specification" />
    <property name="java.awt.printerjob" value="sun.print.PSPrinterJob" />
    <property name="sun.os.patch.level" value="unknown" />
    <property name="java.util.logging.manager" value="org.jboss.logmanager.LogManager" />
    <property name="java.library.path" value="/usr/java/packages/lib:/usr/lib64:/lib64:/lib:/usr/lib" />
    <property name="java.vm.info" value="mixed mode" />
    <property name="java.vendor" value="Azul Systems, Inc." />
    <property name="java.vm.version" value="11.0.18+10-LTS" />
    <property name="sun.io.unicode.encoding" value="UnicodeLittle" />
    <property name="java.class.version" value="55.0" />
    <property name="maven.test.failure.ignore" value="true" />
  </properties>
  <testcase name="testGenerate" classname="org.kie.kogito.service.FormSchemaServiceTest" time="1.175" />
</testsuite>
