<?xml version="1.0" encoding="UTF-8" ?>
<!--
  ~ Licensed to the Apache Software Foundation (ASF) under one
  ~ or more contributor license agreements.  See the NOTICE file
  ~ distributed with this work for additional information
  ~ regarding copyright ownership.  The ASF licenses this file
  ~ to you under the Apache License, Version 2.0 (the
  ~ "License"); you may not use this file except in compliance
  ~ with the License.  You may obtain a copy of the License at
  ~ 
  ~   http://www.apache.org/licenses/LICENSE-2.0
  ~ 
  ~ Unless required by applicable law or agreed to in writing,
  ~ software distributed under the License is distributed on an
  ~ "AS IS" BASIS, WITHOUT WARRANTIES OR CONDITIONS OF ANY
  ~ KIND, either express or implied.  See the License for the
  ~ specific language governing permissions and limitations
  ~ under the License.      
-->
<testsuites name="jest tests" tests="33" failures="0" errors="0" time="4.805">
  <testsuite name="cached" errors="0" failures="0" skipped="0" timestamp="2023-02-14T20:09:38" time="3.165" tests="24">
    <testcase classname="cached returns the same instance" name="cached returns the same instance" time="0.004" />
    <testcase classname="requests method with no parameters" name="requests method with no parameters" time="0.002" />
    <testcase classname="requests method with parameters" name="requests method with parameters" time="0.001" />
    <testcase classname="requests two in a row" name="requests two in a row" time="0.001" />
    <testcase classname="notifications simple notification" name="notifications simple notification" time="0" />
    <testcase classname="notifications simple subscription" name="notifications simple subscription" time="0.002" />
    <testcase classname="notifications simple unsubscription" name="notifications simple unsubscription" time="0.001" />
    <testcase classname="shared set consumed" name="shared set consumed" time="0.001" />
    <testcase classname="shared set owned" name="shared set owned" time="0" />
    <testcase
      classname="shared set consumed with subscriptions"
      name="shared set consumed with subscriptions"
      time="0.001"
    />
    <testcase classname="shared set owned with subscriptions" name="shared set owned with subscriptions" time="0.001" />
    <testcase classname="shared unsubscribe consumed" name="shared unsubscribe consumed" time="0" />
    <testcase classname="shared unsubscribe owned" name="shared unsubscribe owned" time="0.001" />
    <testcase classname="receive simple request" name="receive simple request" time="0.005" />
    <testcase classname="receive request with parameters" name="receive request with parameters" time="0.003" />
    <testcase classname="receive response with no requestId" name="receive response with no requestId" time="0.007" />
    <testcase
      classname="receive response with no corresponding request"
      name="receive response with no corresponding request"
      time="0.001"
    />
    <testcase classname="receive simple notification" name="receive simple notification" time="0" />
    <testcase
      classname="receive normal notification subscription"
      name="receive normal notification subscription"
      time="0"
    />
    <testcase
      classname="receive notification subscription with no api handler"
      name="receive notification subscription with no api handler"
      time="0.001"
    />
    <testcase classname="receive notification unsubscription" name="receive notification unsubscription" time="0" />
    <testcase
      classname="receive consumed shared value update"
      name="receive consumed shared value update"
      time="0.001"
    />
    <testcase classname="receive owned shared value update" name="receive owned shared value update" time="0" />
    <testcase classname="receive shared value subscription" name="receive shared value subscription" time="0" />
  </testsuite>
  <testsuite
    name="new instance"
    errors="0"
    failures="0"
    skipped="0"
    timestamp="2023-02-14T20:09:41"
    time="1.048"
    tests="9"
  >
    <testcase classname="new instance does nothing" name="new instance does nothing" time="0.003" />
    <testcase
      classname="startInitPolling polls for init response"
      name="startInitPolling polls for init response"
      time="0.205"
    />
    <testcase
      classname="startInitPolling stops polling after timeout"
      name="startInitPolling stops polling after timeout"
      time="0.502"
    />
    <testcase
      classname="receive any request with different targetEnvelopeServerId"
      name="receive any request with different targetEnvelopeServerId"
      time="0.001"
    />
    <testcase
      classname="receive any request with targetEnvelopeId"
      name="receive any request with targetEnvelopeId"
      time="0"
    />
    <testcase
      classname="receive any request with the same targetEnvelopeServerId"
      name="receive any request with the same targetEnvelopeServerId"
      time="0.008"
    />
    <testcase
      classname="receive any notification with different targetEnvelopeServerId"
      name="receive any notification with different targetEnvelopeServerId"
      time="0"
    />
    <testcase
      classname="receive any notification with the same targetEnvelopeServerId"
      name="receive any notification with the same targetEnvelopeServerId"
      time="0"
    />
    <testcase
      classname="receive any request from another EnvelopeServer"
      name="receive any request from another EnvelopeServer"
      time="0.002"
    />
  </testsuite>
</testsuites>
