<?xml version="1.0" encoding="UTF-8" ?>
<!--
  ~ Licensed to the Apache Software Foundation (ASF) under one
  ~ or more contributor license agreements.  See the NOTICE file
  ~ distributed with this work for additional information
  ~ regarding copyright ownership.  The ASF licenses this file
  ~ to you under the Apache License, Version 2.0 (the
  ~ "License"); you may not use this file except in compliance
  ~ with the License.  You may obtain a copy of the License at
  ~ 
  ~   http://www.apache.org/licenses/LICENSE-2.0
  ~ 
  ~ Unless required by applicable law or agreed to in writing,
  ~ software distributed under the License is distributed on an
  ~ "AS IS" BASIS, WITHOUT WARRANTIES OR CONDITIONS OF ANY
  ~ KIND, either express or implied.  See the License for the
  ~ specific language governing permissions and limitations
  ~ under the License.      
-->
<testsuites name="Boxed Expression" time="16.999" tests="6" failures="0">
  <testsuite name="" timestamp="2023-02-14T20:37:52" tests="0" file="e2e/popover.cy.ts" time="0.000" failures="0" />
  <testsuite name="Root Suite.PopoverMenu Tests" timestamp="2023-02-14T20:37:52" tests="3" time="0.000" failures="0">
    <testcase
      name="Cancel edit of expression data type by pressing escape"
      time="5.181"
      classname="PopoverMenu Tests Cancel edit of expression data type by pressing escape"
    />
    <testcase
      name="Cancel edit of expression name by pressing escape"
      time="2.159"
      classname="PopoverMenu Tests Cancel edit of expression name by pressing escape"
    />
    <testcase
      name="The header cell&apos;s in the popover should have original values"
      time="1.677"
      classname="PopoverMenu Tests The header cell&apos;s in the popover should have original values"
    />
  </testsuite>
  <testsuite
    name="Root Suite.PopoverMenu Tests.Keyboard interaction with header&apos;s contextMenu in nested decision table"
    timestamp="2023-02-14T20:38:02"
    tests="3"
    time="6.195"
    failures="0"
  >
    <testcase
      name="Edit expression name field and type esc to cancel"
      time="2.083"
      classname="PopoverMenu Tests Keyboard interaction with header&apos;s contextMenu in nested decision table Edit expression name field and type esc to cancel"
    />
    <testcase
      name="Edit expression name field and type enter to save"
      time="1.896"
      classname="PopoverMenu Tests Keyboard interaction with header&apos;s contextMenu in nested decision table Edit expression name field and type enter to save"
    />
    <testcase
      name="Edit expression data type"
      time="2.190"
      classname="PopoverMenu Tests Keyboard interaction with header&apos;s contextMenu in nested decision table Edit expression data type"
    />
  </testsuite>
</testsuites>
